<?xml version="1.0" encoding="UTF-8"?>
<testsuite xmlns:xsi="http://www.w3.org/2001/XMLSchema-instance" xsi:noNamespaceSchemaLocation="https://maven.apache.org/surefire/maven-surefire-plugin/xsd/surefire-test-report.xsd" name="TestSuite" time="17.837" tests="5" errors="0" skipped="0" failures="0">
  <properties>
[...]
</properties>
  <testcase name="loginCase" classname="com.athena.cases.LoginCase" time="8.108"/>
  <testcase name="loginCase" classname="com.athena.cases.LoginCase" time="0.459"/>
  <testcase name="loginCase" classname="com.athena.cases.LoginCase" time="0.177"/>
  <testcase name="loginCase" classname="com.athena.cases.LoginCase" time="0.261"/>
  <testcase name="loginCase" classname="com.athena.cases.LoginCase" time="0.157"/>
</testsuite>