<?xml version="1.0" encoding="UTF-8"?>
<!-- Generated by org.testng.reporters.JUnitXMLReporter -->
<testsuite hostname="v_amayliu-NB1" ignored="0" name="登录接口" tests="5" failures="0" timestamp="2022-03-24T22:24:37 CST" time="12.96" errors="0">
  <testcase name="loginCase" time="8.097" classname="com.athena.cases.LoginCase"/>
  <testcase name="loginCase" time="0.459" classname="com.athena.cases.LoginCase"/>
  <testcase name="loginCase" time="0.174" classname="com.athena.cases.LoginCase"/>
  <testcase name="loginCase" time="0.259" classname="com.athena.cases.LoginCase"/>
  <testcase name="loginCase" time="0.15" classname="com.athena.cases.LoginCase"/>
</testsuite> <!-- 登录接口 -->
